GROUP,PACKAGE,CLASS,INSTRUCTION_MISSED,INSTRUCTION_COVERED,BRANCH_MISSED,BRANCH_COVERED,LINE_MISSED,LINE_COVERED,COMPLEXITY_MISSED,COMPLEXITY_COVERED,METHOD_MISSED,METHOD_COVERED
CustomORM,default,Driver,8,0,0,0,3,0,2,0,2,0
CustomORM,com.orm.model,User.UserBuilder,50,0,0,0,1,0,6,0,6,0
CustomORM,com.orm.model,User,77,108,26,4,1,6,16,12,1,12
CustomORM,com.orm.dao,DatabaseDaoImpl,359,547,20,22,120,133,24,21,9,15
CustomORM,com.orm.ui,MenuService,188,0,18,0,70,0,21,0,5,0
CustomORM,com.orm.ui,DatabaseService,531,0,26,0,106,0,28,0,15,0
CustomORM,com.orm.config,PostgresTestingDatabase,6,8,0,0,3,2,0,2,0,2
CustomORM,com.orm.config,PostgreDatabase,14,0,0,0,5,0,2,0,2,0
