<?xml version="1.0" encoding="UTF-8"?>
<testsuite xmlns:xsi="http://www.w3.org/2001/XMLSchema-instance" xsi:noNamespaceSchemaLocation="https://maven.apache.org/surefire/maven-surefire-plugin/xsd/surefire-test-report.xsd" name="com.orm.dao.DatabaseDaoImplTest" time="2.888" tests="12" errors="0" skipped="0" failures="0">
  <properties>
[...]
</properties>
  <testcase name="searchByFirstName" classname="com.orm.dao.DatabaseDaoImplTest" time="0.94"/>
  <testcase name="getColumnNames" classname="com.orm.dao.DatabaseDaoImplTest" time="0.022"/>
  <testcase name="searchByIdTest" classname="com.orm.dao.DatabaseDaoImplTest" time="0.007"/>
  <testcase name="deleteByIdTest" classname="com.orm.dao.DatabaseDaoImplTest" time="0.012"/>
  <testcase name="updateFieldInColumnTest" classname="com.orm.dao.DatabaseDaoImplTest" time="0.01"/>
  <testcase name="createAndDeleteColumnTest" classname="com.orm.dao.DatabaseDaoImplTest" time="0.006"/>
  <testcase name="getById" classname="com.orm.dao.DatabaseDaoImplTest" time="0.028"/>
  <testcase name="createTableAndDropTableTest" classname="com.orm.dao.DatabaseDaoImplTest" time="0.032"/>
  <testcase name="showTables" classname="com.orm.dao.DatabaseDaoImplTest" time="0.009"/>
  <testcase name="createTest" classname="com.orm.dao.DatabaseDaoImplTest" time="0.008"/>
  <testcase name="searchByLastNameTest" classname="com.orm.dao.DatabaseDaoImplTest" time="0.004"/>
  <testcase name="searchByFirstAndLastNameTest" classname="com.orm.dao.DatabaseDaoImplTest" time="0.004"/>
</testsuite>